{
  "stats": {
    "suites": 1,
    "tests": 1,
    "passes": 1,
    "pending": 0,
    "failures": 0,
    "start": "2020-10-07T16:05:53.683Z",
    "end": "2020-10-07T16:06:03.215Z",
    "duration": 9376,
    "testsRegistered": 1,
    "passPercent": 100,
    "pendingPercent": 0,
    "other": 0,
    "hasOther": false,
    "skipped": 0,
    "hasSkipped": false
  },
  "results": [
    {
      "uuid": "ed9234af-06c2-473d-b883-573322105388",
      "title": "",
      "fullFile": "cypress\\integration\\QALU\\TC07_run_tests.js",
      "file": "cypress\\integration\\QALU\\TC07_run_tests.js",
      "beforeHooks": [],
      "afterHooks": [],
      "tests": [],
      "suites": [
        {
          "uuid": "9ee668e5-4414-4cbd-98f1-d8fb53c9eb34",
          "title": "login",
          "fullFile": "",
          "file": "",
          "beforeHooks": [],
          "afterHooks": [],
          "tests": [
            {
              "title": "Create a post",
              "fullTitle": "login Create a post",
              "timedOut": null,
              "duration": 9376,
              "state": "passed",
              "speed": "slow",
              "pass": true,
              "fail": false,
              "pending": false,
              "context": null,
              "code": "cy.get('ul.navbar-nav').children().contains('New Post').should('be.visible').click();\ncy.location('hash').should('include', '#/editor');\ncy.get('form').within(function ($form) {\n  cy.get('input').first().type('The First Post on Conduit');\n  cy.get('input').eq(1).type('First article about Cypress Testing');\n  cy.get('textarea').last().type('Cypress is an amazing automation test tool for Front End Testing');\n  cy.contains('Publish Article').click();\n});\ncy.url().should('include', 'article');",
              "err": {},
              "uuid": "c7c3aaf2-5f53-429f-98f6-cbf2aa9e2a88",
              "parentUUID": "9ee668e5-4414-4cbd-98f1-d8fb53c9eb34",
              "isHook": false,
              "skipped": false
            }
          ],
          "suites": [],
          "passes": [
            "c7c3aaf2-5f53-429f-98f6-cbf2aa9e2a88"
          ],
          "failures": [],
          "pending": [],
          "skipped": [],
          "duration": 9376,
          "root": false,
          "rootEmpty": false,
          "_timeout": 2000
        }
      ],
      "passes": [],
      "failures": [],
      "pending": [],
      "skipped": [],
      "duration": 0,
      "root": true,
      "rootEmpty": true,
      "_timeout": 2000
    }
  ],
  "meta": {
    "mocha": {
      "version": "7.0.1"
    },
    "mochawesome": {
      "options": {
        "quiet": false,
        "reportFilename": "mochawesome",
        "saveHtml": true,
        "saveJson": true,
        "consoleReporter": "spec",
        "useInlineDiffs": false,
        "code": true
      },
      "version": "6.1.1"
    },
    "marge": {
      "options": {
        "id": "default"
      },
      "version": "5.1.0"
    }
  }
}